{"C:\\Users\\Eddie\\Documents\\Class\\ClassProjects\\35.1 Node-pg\\Handlers.js": {"path":"C:\\Users\\Eddie\\Documents\\Class\\ClassProjects\\35.1 Node-pg\\Handlers.js","statementMap":{"0":{"start":{"line":3,"column":8},"end":{"line":3,"column":16}},"1":{"start":{"line":4,"column":8},"end":{"line":4,"column":31}},"2":{"start":{"line":5,"column":8},"end":{"line":5,"column":29}},"3":{"start":{"line":6,"column":8},"end":{"line":6,"column":34}},"4":{"start":{"line":10,"column":0},"end":{"line":10,"column":30}}},"fnMap":{"0":{"name":"(anonymous_0)","decl":{"start":{"line":2,"column":4},"end":{"line":2,"column":5}},"loc":{"start":{"line":2,"column":32},"end":{"line":7,"column":5}},"line":2}},"branchMap":{},"s":{"0":2,"1":2,"2":2,"3":2,"4":1},"f":{"0":2},"b":{},"_coverageSchema":"1a1c01bbd47fc00a2c39e90264f33305004495a9","hash":"729777cb5bd2d72ec2cbef0cf846804c55cdcf44"}
,"C:\\Users\\Eddie\\Documents\\Class\\ClassProjects\\35.1 Node-pg\\app.js": {"path":"C:\\Users\\Eddie\\Documents\\Class\\ClassProjects\\35.1 Node-pg\\app.js","statementMap":{"0":{"start":{"line":1,"column":16},"end":{"line":1,"column":34}},"1":{"start":{"line":2,"column":12},"end":{"line":2,"column":21}},"2":{"start":{"line":3,"column":21},"end":{"line":3,"column":42}},"3":{"start":{"line":4,"column":22},"end":{"line":4,"column":51}},"4":{"start":{"line":5,"column":22},"end":{"line":5,"column":50}},"5":{"start":{"line":6,"column":15},"end":{"line":6,"column":32}},"6":{"start":{"line":8,"column":0},"end":{"line":8,"column":23}},"7":{"start":{"line":9,"column":0},"end":{"line":9,"column":24}},"8":{"start":{"line":10,"column":0},"end":{"line":10,"column":48}},"9":{"start":{"line":11,"column":0},"end":{"line":11,"column":37}},"10":{"start":{"line":12,"column":0},"end":{"line":12,"column":36}},"11":{"start":{"line":16,"column":0},"end":{"line":20,"column":3}},"12":{"start":{"line":17,"column":26},"end":{"line":17,"column":60}},"13":{"start":{"line":19,"column":4},"end":{"line":19,"column":24}},"14":{"start":{"line":23,"column":0},"end":{"line":31,"column":3}},"15":{"start":{"line":25,"column":17},"end":{"line":25,"column":34}},"16":{"start":{"line":26,"column":18},"end":{"line":26,"column":29}},"17":{"start":{"line":28,"column":4},"end":{"line":30,"column":7}},"18":{"start":{"line":33,"column":0},"end":{"line":33,"column":21}}},"fnMap":{"0":{"name":"(anonymous_0)","decl":{"start":{"line":16,"column":9},"end":{"line":16,"column":10}},"loc":{"start":{"line":16,"column":29},"end":{"line":20,"column":1}},"line":16},"1":{"name":"(anonymous_1)","decl":{"start":{"line":23,"column":9},"end":{"line":23,"column":10}},"loc":{"start":{"line":23,"column":34},"end":{"line":31,"column":1}},"line":23}},"branchMap":{"0":{"loc":{"start":{"line":25,"column":17},"end":{"line":25,"column":34}},"type":"binary-expr","locations":[{"start":{"line":25,"column":17},"end":{"line":25,"column":27}},{"start":{"line":25,"column":31},"end":{"line":25,"column":34}}],"line":25}},"s":{"0":1,"1":1,"2":1,"3":1,"4":1,"5":1,"6":1,"7":1,"8":1,"9":1,"10":1,"11":1,"12":0,"13":0,"14":1,"15":2,"16":2,"17":2,"18":1},"f":{"0":0,"1":2},"b":{"0":[2,0]},"_coverageSchema":"1a1c01bbd47fc00a2c39e90264f33305004495a9","hash":"79525231d9210ccd8fbdef66c726b9be1db0cefe"}
,"C:\\Users\\Eddie\\Documents\\Class\\ClassProjects\\35.1 Node-pg\\db.js": {"path":"C:\\Users\\Eddie\\Documents\\Class\\ClassProjects\\35.1 Node-pg\\db.js","statementMap":{"0":{"start":{"line":3,"column":19},"end":{"line":3,"column":32}},"1":{"start":{"line":6,"column":0},"end":{"line":10,"column":1}},"2":{"start":{"line":7,"column":4},"end":{"line":7,"column":74}},"3":{"start":{"line":9,"column":4},"end":{"line":9,"column":69}},"4":{"start":{"line":12,"column":9},"end":{"line":14,"column":2}},"5":{"start":{"line":16,"column":0},"end":{"line":16,"column":13}},"6":{"start":{"line":18,"column":0},"end":{"line":18,"column":20}}},"fnMap":{},"branchMap":{"0":{"loc":{"start":{"line":6,"column":0},"end":{"line":10,"column":1}},"type":"if","locations":[{"start":{"line":6,"column":0},"end":{"line":10,"column":1}},{"start":{"line":6,"column":0},"end":{"line":10,"column":1}}],"line":6}},"s":{"0":1,"1":1,"2":1,"3":0,"4":1,"5":1,"6":1},"f":{},"b":{"0":[1,0]},"_coverageSchema":"1a1c01bbd47fc00a2c39e90264f33305004495a9","hash":"29e900b66870fed2f0b6210cf29ea5d9eb0f4a77"}
,"C:\\Users\\Eddie\\Documents\\Class\\ClassProjects\\35.1 Node-pg\\routes\\companies.js": {"path":"C:\\Users\\Eddie\\Documents\\Class\\ClassProjects\\35.1 Node-pg\\routes\\companies.js","statementMap":{"0":{"start":{"line":1,"column":11},"end":{"line":1,"column":27}},"1":{"start":{"line":2,"column":21},"end":{"line":2,"column":43}},"2":{"start":{"line":3,"column":16},"end":{"line":3,"column":34}},"3":{"start":{"line":4,"column":15},"end":{"line":4,"column":35}},"4":{"start":{"line":8,"column":0},"end":{"line":15,"column":3}},"5":{"start":{"line":9,"column":4},"end":{"line":14,"column":5}},"6":{"start":{"line":10,"column":24},"end":{"line":10,"column":65}},"7":{"start":{"line":11,"column":8},"end":{"line":11,"column":53}},"8":{"start":{"line":13,"column":8},"end":{"line":13,"column":25}},"9":{"start":{"line":18,"column":0},"end":{"line":29,"column":3}},"10":{"start":{"line":19,"column":4},"end":{"line":28,"column":5}},"11":{"start":{"line":20,"column":25},"end":{"line":20,"column":35}},"12":{"start":{"line":21,"column":24},"end":{"line":21,"column":87}},"13":{"start":{"line":22,"column":8},"end":{"line":24,"column":9}},"14":{"start":{"line":23,"column":12},"end":{"line":23,"column":80}},"15":{"start":{"line":25,"column":8},"end":{"line":25,"column":54}},"16":{"start":{"line":27,"column":8},"end":{"line":27,"column":25}},"17":{"start":{"line":32,"column":0},"end":{"line":46,"column":3}},"18":{"start":{"line":33,"column":4},"end":{"line":45,"column":5}},"19":{"start":{"line":34,"column":44},"end":{"line":34,"column":52}},"20":{"start":{"line":36,"column":31},"end":{"line":36,"column":94}},"21":{"start":{"line":37,"column":8},"end":{"line":39,"column":9}},"22":{"start":{"line":38,"column":12},"end":{"line":38,"column":81}},"23":{"start":{"line":41,"column":24},"end":{"line":41,"column":147}},"24":{"start":{"line":42,"column":8},"end":{"line":42,"column":66}},"25":{"start":{"line":44,"column":8},"end":{"line":44,"column":25}},"26":{"start":{"line":49,"column":0},"end":{"line":66,"column":3}},"27":{"start":{"line":50,"column":4},"end":{"line":65,"column":5}},"28":{"start":{"line":51,"column":25},"end":{"line":51,"column":35}},"29":{"start":{"line":52,"column":38},"end":{"line":52,"column":46}},"30":{"start":{"line":53,"column":23},"end":{"line":58,"column":9}},"31":{"start":{"line":59,"column":8},"end":{"line":61,"column":9}},"32":{"start":{"line":60,"column":12},"end":{"line":60,"column":85}},"33":{"start":{"line":62,"column":8},"end":{"line":62,"column":53}},"34":{"start":{"line":64,"column":8},"end":{"line":64,"column":25}},"35":{"start":{"line":69,"column":0},"end":{"line":81,"column":3}},"36":{"start":{"line":70,"column":4},"end":{"line":80,"column":5}},"37":{"start":{"line":71,"column":25},"end":{"line":71,"column":35}},"38":{"start":{"line":72,"column":23},"end":{"line":72,"column":86}},"39":{"start":{"line":73,"column":8},"end":{"line":75,"column":9}},"40":{"start":{"line":74,"column":12},"end":{"line":74,"column":98}},"41":{"start":{"line":77,"column":8},"end":{"line":77,"column":47}},"42":{"start":{"line":79,"column":8},"end":{"line":79,"column":25}},"43":{"start":{"line":83,"column":0},"end":{"line":83,"column":24}}},"fnMap":{"0":{"name":"(anonymous_0)","decl":{"start":{"line":8,"column":16},"end":{"line":8,"column":17}},"loc":{"start":{"line":8,"column":42},"end":{"line":15,"column":1}},"line":8},"1":{"name":"(anonymous_1)","decl":{"start":{"line":18,"column":21},"end":{"line":18,"column":22}},"loc":{"start":{"line":18,"column":47},"end":{"line":29,"column":1}},"line":18},"2":{"name":"(anonymous_2)","decl":{"start":{"line":32,"column":17},"end":{"line":32,"column":18}},"loc":{"start":{"line":32,"column":43},"end":{"line":46,"column":1}},"line":32},"3":{"name":"(anonymous_3)","decl":{"start":{"line":49,"column":21},"end":{"line":49,"column":22}},"loc":{"start":{"line":49,"column":47},"end":{"line":66,"column":1}},"line":49},"4":{"name":"(anonymous_4)","decl":{"start":{"line":69,"column":24},"end":{"line":69,"column":25}},"loc":{"start":{"line":69,"column":50},"end":{"line":81,"column":1}},"line":69}},"branchMap":{"0":{"loc":{"start":{"line":22,"column":8},"end":{"line":24,"column":9}},"type":"if","locations":[{"start":{"line":22,"column":8},"end":{"line":24,"column":9}},{"start":{"line":22,"column":8},"end":{"line":24,"column":9}}],"line":22},"1":{"loc":{"start":{"line":37,"column":8},"end":{"line":39,"column":9}},"type":"if","locations":[{"start":{"line":37,"column":8},"end":{"line":39,"column":9}},{"start":{"line":37,"column":8},"end":{"line":39,"column":9}}],"line":37},"2":{"loc":{"start":{"line":59,"column":8},"end":{"line":61,"column":9}},"type":"if","locations":[{"start":{"line":59,"column":8},"end":{"line":61,"column":9}},{"start":{"line":59,"column":8},"end":{"line":61,"column":9}}],"line":59},"3":{"loc":{"start":{"line":73,"column":8},"end":{"line":75,"column":9}},"type":"if","locations":[{"start":{"line":73,"column":8},"end":{"line":75,"column":9}},{"start":{"line":73,"column":8},"end":{"line":75,"column":9}}],"line":73}},"s":{"0":1,"1":1,"2":1,"3":1,"4":1,"5":1,"6":1,"7":1,"8":0,"9":1,"10":4,"11":4,"12":4,"13":4,"14":1,"15":3,"16":1,"17":1,"18":2,"19":2,"20":2,"21":2,"22":1,"23":1,"24":1,"25":1,"26":1,"27":1,"28":1,"29":1,"30":1,"31":1,"32":0,"33":1,"34":0,"35":1,"36":1,"37":1,"38":1,"39":1,"40":0,"41":1,"42":0,"43":1},"f":{"0":1,"1":4,"2":2,"3":1,"4":1},"b":{"0":[1,3],"1":[1,1],"2":[0,1],"3":[0,1]},"_coverageSchema":"1a1c01bbd47fc00a2c39e90264f33305004495a9","hash":"1238361b75ffc1e5e9b2cb2d6e357bf1b2996732"}
,"C:\\Users\\Eddie\\Documents\\Class\\ClassProjects\\35.1 Node-pg\\routes\\invoices.js": {"path":"C:\\Users\\Eddie\\Documents\\Class\\ClassProjects\\35.1 Node-pg\\routes\\invoices.js","statementMap":{"0":{"start":{"line":1,"column":11},"end":{"line":1,"column":27}},"1":{"start":{"line":2,"column":21},"end":{"line":2,"column":43}},"2":{"start":{"line":3,"column":16},"end":{"line":3,"column":34}},"3":{"start":{"line":4,"column":15},"end":{"line":4,"column":35}},"4":{"start":{"line":7,"column":0},"end":{"line":14,"column":3}},"5":{"start":{"line":8,"column":4},"end":{"line":13,"column":5}},"6":{"start":{"line":9,"column":24},"end":{"line":9,"column":64}},"7":{"start":{"line":10,"column":8},"end":{"line":10,"column":52}},"8":{"start":{"line":12,"column":8},"end":{"line":12,"column":25}},"9":{"start":{"line":17,"column":0},"end":{"line":28,"column":3}},"10":{"start":{"line":18,"column":4},"end":{"line":27,"column":5}},"11":{"start":{"line":19,"column":23},"end":{"line":19,"column":33}},"12":{"start":{"line":20,"column":24},"end":{"line":20,"column":84}},"13":{"start":{"line":21,"column":8},"end":{"line":23,"column":9}},"14":{"start":{"line":22,"column":12},"end":{"line":22,"column":79}},"15":{"start":{"line":24,"column":8},"end":{"line":24,"column":54}},"16":{"start":{"line":26,"column":8},"end":{"line":26,"column":25}},"17":{"start":{"line":31,"column":0},"end":{"line":39,"column":3}},"18":{"start":{"line":32,"column":4},"end":{"line":38,"column":5}},"19":{"start":{"line":33,"column":35},"end":{"line":33,"column":43}},"20":{"start":{"line":34,"column":24},"end":{"line":34,"column":141}},"21":{"start":{"line":35,"column":8},"end":{"line":35,"column":54}},"22":{"start":{"line":37,"column":8},"end":{"line":37,"column":25}},"23":{"start":{"line":42,"column":0},"end":{"line":53,"column":3}},"24":{"start":{"line":43,"column":4},"end":{"line":52,"column":5}},"25":{"start":{"line":44,"column":23},"end":{"line":44,"column":33}},"26":{"start":{"line":45,"column":24},"end":{"line":45,"column":80}},"27":{"start":{"line":46,"column":8},"end":{"line":48,"column":9}},"28":{"start":{"line":47,"column":12},"end":{"line":47,"column":86}},"29":{"start":{"line":49,"column":8},"end":{"line":49,"column":47}},"30":{"start":{"line":51,"column":8},"end":{"line":51,"column":25}},"31":{"start":{"line":56,"column":0},"end":{"line":73,"column":3}},"32":{"start":{"line":57,"column":4},"end":{"line":72,"column":5}},"33":{"start":{"line":58,"column":23},"end":{"line":58,"column":33}},"34":{"start":{"line":59,"column":24},"end":{"line":59,"column":32}},"35":{"start":{"line":60,"column":23},"end":{"line":65,"column":9}},"36":{"start":{"line":66,"column":8},"end":{"line":68,"column":9}},"37":{"start":{"line":67,"column":12},"end":{"line":67,"column":73}},"38":{"start":{"line":69,"column":8},"end":{"line":69,"column":53}},"39":{"start":{"line":71,"column":8},"end":{"line":71,"column":25}},"40":{"start":{"line":76,"column":0},"end":{"line":76,"column":24}}},"fnMap":{"0":{"name":"(anonymous_0)","decl":{"start":{"line":7,"column":16},"end":{"line":7,"column":17}},"loc":{"start":{"line":7,"column":42},"end":{"line":14,"column":1}},"line":7},"1":{"name":"(anonymous_1)","decl":{"start":{"line":17,"column":19},"end":{"line":17,"column":20}},"loc":{"start":{"line":17,"column":45},"end":{"line":28,"column":1}},"line":17},"2":{"name":"(anonymous_2)","decl":{"start":{"line":31,"column":17},"end":{"line":31,"column":18}},"loc":{"start":{"line":31,"column":43},"end":{"line":39,"column":1}},"line":31},"3":{"name":"(anonymous_3)","decl":{"start":{"line":42,"column":22},"end":{"line":42,"column":23}},"loc":{"start":{"line":42,"column":48},"end":{"line":53,"column":1}},"line":42},"4":{"name":"(anonymous_4)","decl":{"start":{"line":56,"column":19},"end":{"line":56,"column":20}},"loc":{"start":{"line":56,"column":45},"end":{"line":73,"column":1}},"line":56}},"branchMap":{"0":{"loc":{"start":{"line":21,"column":8},"end":{"line":23,"column":9}},"type":"if","locations":[{"start":{"line":21,"column":8},"end":{"line":23,"column":9}},{"start":{"line":21,"column":8},"end":{"line":23,"column":9}}],"line":21},"1":{"loc":{"start":{"line":46,"column":8},"end":{"line":48,"column":9}},"type":"if","locations":[{"start":{"line":46,"column":8},"end":{"line":48,"column":9}},{"start":{"line":46,"column":8},"end":{"line":48,"column":9}}],"line":46},"2":{"loc":{"start":{"line":66,"column":8},"end":{"line":68,"column":9}},"type":"if","locations":[{"start":{"line":66,"column":8},"end":{"line":68,"column":9}},{"start":{"line":66,"column":8},"end":{"line":68,"column":9}}],"line":66}},"s":{"0":1,"1":1,"2":1,"3":1,"4":1,"5":0,"6":0,"7":0,"8":0,"9":1,"10":0,"11":0,"12":0,"13":0,"14":0,"15":0,"16":0,"17":1,"18":0,"19":0,"20":0,"21":0,"22":0,"23":1,"24":0,"25":0,"26":0,"27":0,"28":0,"29":0,"30":0,"31":1,"32":0,"33":0,"34":0,"35":0,"36":0,"37":0,"38":0,"39":0,"40":1},"f":{"0":0,"1":0,"2":0,"3":0,"4":0},"b":{"0":[0,0],"1":[0,0],"2":[0,0]},"_coverageSchema":"1a1c01bbd47fc00a2c39e90264f33305004495a9","hash":"86e4ff8871292abf98901e4500e3df6d72935996"}
}
