TN:
SF:Handlers.js
FN:2,(anonymous_0)
FNF:1
FNH:1
FNDA:2,(anonymous_0)
DA:3,2
DA:4,2
DA:5,2
DA:6,2
DA:10,1
LF:5
LH:5
BRF:0
BRH:0
end_of_record
TN:
SF:app.js
FN:16,(anonymous_0)
FN:23,(anonymous_1)
FNF:2
FNH:1
FNDA:0,(anonymous_0)
FNDA:2,(anonymous_1)
DA:1,1
DA:2,1
DA:3,1
DA:4,1
DA:5,1
DA:6,1
DA:8,1
DA:9,1
DA:10,1
DA:11,1
DA:12,1
DA:16,1
DA:17,0
DA:19,0
DA:23,1
DA:25,2
DA:26,2
DA:28,2
DA:33,1
LF:19
LH:17
BRDA:25,0,0,2
BRDA:25,0,1,0
BRF:2
BRH:1
end_of_record
TN:
SF:db.js
FNF:0
FNH:0
DA:3,1
DA:6,1
DA:7,1
DA:9,0
DA:12,1
DA:16,1
DA:18,1
LF:7
LH:6
BRDA:6,0,0,1
BRDA:6,0,1,0
BRF:2
BRH:1
end_of_record
TN:
SF:routes\companies.js
FN:8,(anonymous_0)
FN:18,(anonymous_1)
FN:32,(anonymous_2)
FN:49,(anonymous_3)
FN:69,(anonymous_4)
FNF:5
FNH:5
FNDA:1,(anonymous_0)
FNDA:4,(anonymous_1)
FNDA:2,(anonymous_2)
FNDA:1,(anonymous_3)
FNDA:1,(anonymous_4)
DA:1,1
DA:2,1
DA:3,1
DA:4,1
DA:8,1
DA:9,1
DA:10,1
DA:11,1
DA:13,0
DA:18,1
DA:19,4
DA:20,4
DA:21,4
DA:22,4
DA:23,1
DA:25,3
DA:27,1
DA:32,1
DA:33,2
DA:34,2
DA:36,2
DA:37,2
DA:38,1
DA:41,1
DA:42,1
DA:44,1
DA:49,1
DA:50,1
DA:51,1
DA:52,1
DA:53,1
DA:59,1
DA:60,0
DA:62,1
DA:64,0
DA:69,1
DA:70,1
DA:71,1
DA:72,1
DA:73,1
DA:74,0
DA:77,1
DA:79,0
DA:83,1
LF:44
LH:39
BRDA:22,0,0,1
BRDA:22,0,1,3
BRDA:37,1,0,1
BRDA:37,1,1,1
BRDA:59,2,0,0
BRDA:59,2,1,1
BRDA:73,3,0,0
BRDA:73,3,1,1
BRF:8
BRH:6
end_of_record
TN:
SF:routes\invoices.js
FN:7,(anonymous_0)
FN:17,(anonymous_1)
FN:31,(anonymous_2)
FN:42,(anonymous_3)
FN:56,(anonymous_4)
FNF:5
FNH:0
FNDA:0,(anonymous_0)
FNDA:0,(anonymous_1)
FNDA:0,(anonymous_2)
FNDA:0,(anonymous_3)
FNDA:0,(anonymous_4)
DA:1,1
DA:2,1
DA:3,1
DA:4,1
DA:7,1
DA:8,0
DA:9,0
DA:10,0
DA:12,0
DA:17,1
DA:18,0
DA:19,0
DA:20,0
DA:21,0
DA:22,0
DA:24,0
DA:26,0
DA:31,1
DA:32,0
DA:33,0
DA:34,0
DA:35,0
DA:37,0
DA:42,1
DA:43,0
DA:44,0
DA:45,0
DA:46,0
DA:47,0
DA:49,0
DA:51,0
DA:56,1
DA:57,0
DA:58,0
DA:59,0
DA:60,0
DA:66,0
DA:67,0
DA:69,0
DA:71,0
DA:76,1
LF:41
LH:10
BRDA:21,0,0,0
BRDA:21,0,1,0
BRDA:46,1,0,0
BRDA:46,1,1,0
BRDA:66,2,0,0
BRDA:66,2,1,0
BRF:6
BRH:0
end_of_record
